2017-09-17 11:09:28:SELECT `uid`, `password` FROM `user` WHERE `email`=:email LIMIT 1
Parameters:{"email":"paulgourlay16@gmail.com"}
Return:1
returnType:2
PDO Error Info:["00000",null,null]

2017-09-17 11:09:39:SELECT `uid`, `password` FROM `user` WHERE `email`=:email LIMIT 1
Parameters:{"email":"paulgourlay16@gmail.com"}
Return:1
returnType:2
PDO Error Info:["00000",null,null]

2017-09-17 11:09:54:SELECT `uid`, `password` FROM `user` WHERE `email`=:email LIMIT 1
Parameters:{"email":"paulgourlay16@gmail.com"}
Return:1
returnType:2
PDO Error Info:["00000",null,null]

2017-09-17 11:09:01:SELECT `uid`, `password` FROM `user` WHERE `email`=:email LIMIT 1
Parameters:{"email":"paulgourlay16@gmail.com"}
Return:1
returnType:2
PDO Error Info:["00000",null,null]

2017-09-17 11:09:57:SELECT `uid`, `password` FROM `user` WHERE `email`=:email LIMIT 1
Parameters:{"email":"paulgourlay16@gmail.com"}
Return:1
returnType:2
PDO Error Info:["00000",null,null]

2017-09-17 11:09:41:SELECT `uid`, `password` FROM `user` WHERE `email`=:email LIMIT 1
Parameters:{"email":"paulgourlay16@gmail.com"}
Return:1
returnType:2
PDO Error Info:["00000",null,null]

2017-09-17 11:09:45:SELECT `uid`, `password` FROM `user` WHERE `email`=:email LIMIT 1
Parameters:{"email":"paulgourlay16@gmail.com"}
Return:1
returnType:2
PDO Error Info:["00000",null,null]

2017-09-17 11:09:45:UPDATE `user` SET `last_login`=UNIX_TIMESTAMP() WHERE `uid`=2 LIMIT 1
Parameters:[]
Return:0
returnType:2
PDO Error Info:["00000",null,null]

2017-09-17 11:09:45:SELECT * FROM `user` WHERE `UID`=2 LIMIT 1
Parameters:null
Return:1
returnType:2
PDO Error Info:["00000",null,null]

2017-09-17 11:09:30:SELECT * FROM `user` WHERE `UID`=2 LIMIT 1
Parameters:null
Return:1
returnType:2
PDO Error Info:["00000",null,null]

2017-09-17 11:09:39:SELECT * FROM `user` WHERE `UID`=2 LIMIT 1
Parameters:null
Return(T/F):1
returnType:2
Returned Data:[{"uid":"2","email":"paulgourlay16@gmail.com","password":"$2y$10$DWwsURiQd2iwSi2rqTJpk.\/CBslfC4ztcbMKaC\/r2ojORuszRtX2O","name":"Paul","last_login":"1505687025"}]
PDO Error Info:["00000",null,null]

2017-09-17 11:09:42:SELECT * FROM `user` WHERE `UID`=2 LIMIT 1
Parameters:null
Return(T/F):1
returnType:2
Returned Data:[{"uid":"2","email":"paulgourlay16@gmail.com","password":"$2y$10$DWwsURiQd2iwSi2rqTJpk.\/CBslfC4ztcbMKaC\/r2ojORuszRtX2O","name":"Paul","last_login":"1505687025"}]
PDO Error Info:["00000",null,null]

2017-09-17 11:09:08:SELECT `uid`, `password` FROM `user` WHERE `email`=:email LIMIT 1
Parameters:{"email":"user@domain.com"}
Return(T/F):1
returnType:2
Returned Data:[{"uid":"3","password":"$2y$10$r1BMKOMlY7\/mxfDrFSf0NetBSjG5I7sATxdCW0CZVnATA.cjNZDsi"}]
PDO Error Info:["00000",null,null]

2017-09-17 11:09:08:UPDATE `user` SET `last_login`=UNIX_TIMESTAMP() WHERE `uid`=3 LIMIT 1
Parameters:[]
Return(T/F):0
returnType:PDO::FETCH_ASSOC
Returned Data:null
PDO Error Info:["00000",null,null]

2017-09-17 11:09:08:SELECT * FROM `user` WHERE `UID`=3 LIMIT 1
Parameters:null
Return(T/F):1
returnType:2
Returned Data:[{"uid":"3","email":"user@domain.com","password":"$2y$10$r1BMKOMlY7\/mxfDrFSf0NetBSjG5I7sATxdCW0CZVnATA.cjNZDsi","name":"User","last_login":"1505687648"}]
PDO Error Info:["00000",null,null]

2017-09-17 11:09:41:SELECT * FROM `user` WHERE `UID`=3 LIMIT 1
Parameters:null
Return(T/F):1
returnType:2
Returned Data:[{"uid":"3","email":"user@domain.com","password":"$2y$10$r1BMKOMlY7\/mxfDrFSf0NetBSjG5I7sATxdCW0CZVnATA.cjNZDsi","name":"User","last_login":"1505687648"}]
PDO Error Info:["00000",null,null]

2017-09-17 11:09:47:SELECT * FROM `user` WHERE `UID`=3 LIMIT 1
Parameters:null
Return(T/F):1
returnType:2
Returned Data:[{"uid":"3","email":"user@domain.com","password":"$2y$10$r1BMKOMlY7\/mxfDrFSf0NetBSjG5I7sATxdCW0CZVnATA.cjNZDsi","name":"User","last_login":"1505687648"}]
PDO Error Info:["00000",null,null]

2017-09-17 11:09:49:SELECT * FROM `user` WHERE `UID`=3 LIMIT 1
Parameters:null
Return(T/F):1
returnType:2
Returned Data:[{"uid":"3","email":"user@domain.com","password":"$2y$10$r1BMKOMlY7\/mxfDrFSf0NetBSjG5I7sATxdCW0CZVnATA.cjNZDsi","name":"User","last_login":"1505687648"}]
PDO Error Info:["00000",null,null]

2017-09-18 12:09:31:SELECT `uid`, `password` FROM `user` WHERE `email`=:email LIMIT 1
Parameters:{"email":""}
Return(T/F):1
returnType:2
Returned Data:[]
PDO Error Info:["00000",null,null]

2017-09-18 12:09:34:SELECT `uid`, `password` FROM `user` WHERE `email`=:email LIMIT 1
Parameters:{"email":""}
Return(T/F):1
returnType:2
Returned Data:[]
PDO Error Info:["00000",null,null]

2017-09-18 12:09:19:SELECT `uid`, `password` FROM `user` WHERE `email`=:email LIMIT 1
Parameters:{"email":""}
Return(T/F):1
returnType:2
Returned Data:[]
PDO Error Info:["00000",null,null]

2017-09-18 12:09:40:SELECT `uid`, `password` FROM `user` WHERE `email`=:email LIMIT 1
Parameters:{"email":"user@domain.com"}
Return(T/F):1
returnType:2
Returned Data:[{"uid":"3","password":"$2y$10$r1BMKOMlY7\/mxfDrFSf0NetBSjG5I7sATxdCW0CZVnATA.cjNZDsi"}]
PDO Error Info:["00000",null,null]

2017-09-18 12:09:40:UPDATE `user` SET `last_login`=UNIX_TIMESTAMP() WHERE `uid`=3 LIMIT 1
Parameters:[]
Return(T/F):0
returnType:PDO::FETCH_ASSOC
Returned Data:null
PDO Error Info:["00000",null,null]

2017-09-18 12:09:40:SELECT * FROM `user` WHERE `UID`=3 LIMIT 1
Parameters:null
Return(T/F):1
returnType:2
Returned Data:[{"uid":"3","email":"user@domain.com","password":"$2y$10$r1BMKOMlY7\/mxfDrFSf0NetBSjG5I7sATxdCW0CZVnATA.cjNZDsi","name":"User","last_login":"1505690920"}]
PDO Error Info:["00000",null,null]

2017-09-18 12:09:40:SELECT `uid`, `password` FROM `user` WHERE `email`=:email LIMIT 1
Parameters:{"email":"user@domain.com"}
Return(T/F):1
returnType:2
Returned Data:[{"uid":"3","password":"$2y$10$r1BMKOMlY7\/mxfDrFSf0NetBSjG5I7sATxdCW0CZVnATA.cjNZDsi"}]
PDO Error Info:["00000",null,null]

2017-09-18 12:09:41:UPDATE `user` SET `last_login`=UNIX_TIMESTAMP() WHERE `uid`=3 LIMIT 1
Parameters:[]
Return(T/F):0
returnType:PDO::FETCH_ASSOC
Returned Data:null
PDO Error Info:["00000",null,null]

2017-09-18 12:09:41:SELECT * FROM `user` WHERE `UID`=3 LIMIT 1
Parameters:null
Return(T/F):1
returnType:2
Returned Data:[{"uid":"3","email":"user@domain.com","password":"$2y$10$r1BMKOMlY7\/mxfDrFSf0NetBSjG5I7sATxdCW0CZVnATA.cjNZDsi","name":"User","last_login":"1505690921"}]
PDO Error Info:["00000",null,null]

2017-09-18 12:09:41:SELECT `uid`, `password` FROM `user` WHERE `email`=:email LIMIT 1
Parameters:{"email":"user@domain.com"}
Return(T/F):1
returnType:2
Returned Data:[{"uid":"3","password":"$2y$10$r1BMKOMlY7\/mxfDrFSf0NetBSjG5I7sATxdCW0CZVnATA.cjNZDsi"}]
PDO Error Info:["00000",null,null]

2017-09-18 12:09:41:UPDATE `user` SET `last_login`=UNIX_TIMESTAMP() WHERE `uid`=3 LIMIT 1
Parameters:[]
Return(T/F):0
returnType:PDO::FETCH_ASSOC
Returned Data:null
PDO Error Info:["00000",null,null]

2017-09-18 12:09:41:SELECT * FROM `user` WHERE `UID`=3 LIMIT 1
Parameters:null
Return(T/F):1
returnType:2
Returned Data:[{"uid":"3","email":"user@domain.com","password":"$2y$10$r1BMKOMlY7\/mxfDrFSf0NetBSjG5I7sATxdCW0CZVnATA.cjNZDsi","name":"User","last_login":"1505690921"}]
PDO Error Info:["00000",null,null]

2017-09-18 12:09:41:SELECT * FROM `user` WHERE `UID`=3 LIMIT 1
Parameters:null
Return(T/F):1
returnType:2
Returned Data:[{"uid":"3","email":"user@domain.com","password":"$2y$10$r1BMKOMlY7\/mxfDrFSf0NetBSjG5I7sATxdCW0CZVnATA.cjNZDsi","name":"User","last_login":"1505690921"}]
PDO Error Info:["00000",null,null]

2017-09-18 12:09:41:SELECT * FROM `user` WHERE `UID`=3 LIMIT 1
Parameters:null
Return(T/F):1
returnType:2
Returned Data:[{"uid":"3","email":"user@domain.com","password":"$2y$10$r1BMKOMlY7\/mxfDrFSf0NetBSjG5I7sATxdCW0CZVnATA.cjNZDsi","name":"User","last_login":"1505690921"}]
PDO Error Info:["00000",null,null]

2017-09-18 12:09:20:SELECT * FROM `user` WHERE `UID`=3 LIMIT 1
Parameters:null
Return(T/F):1
returnType:2
Returned Data:[{"uid":"3","email":"user@domain.com","password":"$2y$10$r1BMKOMlY7\/mxfDrFSf0NetBSjG5I7sATxdCW0CZVnATA.cjNZDsi","name":"User","last_login":"1505690921"}]
PDO Error Info:["00000",null,null]

2017-09-18 12:09:21:SELECT * FROM `user` WHERE `UID`=3 LIMIT 1
Parameters:null
Return(T/F):1
returnType:2
Returned Data:[{"uid":"3","email":"user@domain.com","password":"$2y$10$r1BMKOMlY7\/mxfDrFSf0NetBSjG5I7sATxdCW0CZVnATA.cjNZDsi","name":"User","last_login":"1505690921"}]
PDO Error Info:["00000",null,null]

2017-09-18 12:09:57:SELECT `uid`, `password` FROM `user` WHERE `email`=:email LIMIT 1
Parameters:{"email":0}
Return(T/F):1
returnType:2
Returned Data:[]
PDO Error Info:["00000",null,null]

2017-09-18 12:09:01:SELECT `uid`, `password` FROM `user` WHERE `email`=:email LIMIT 1
Parameters:{"email":0}
Return(T/F):1
returnType:2
Returned Data:[]
PDO Error Info:["00000",null,null]

2017-09-18 12:09:39:SELECT `uid`, `password` FROM `user` WHERE `email`=:email LIMIT 1
Parameters:{"email":0}
Return(T/F):1
returnType:2
Returned Data:[]
PDO Error Info:["00000",null,null]

2017-09-18 01:09:33:SELECT `uid`, `password` FROM `user` WHERE `email`=:email LIMIT 1
Parameters:{"email":0}
Return(T/F):1
returnType:2
Returned Data:[]
PDO Error Info:["00000",null,null]

2017-09-18 01:09:48:SELECT `uid`, `password` FROM `user` WHERE `email`=:email LIMIT 1
Parameters:{"email":0}
Return(T/F):1
returnType:2
Returned Data:[]
PDO Error Info:["00000",null,null]

2017-09-18 01:09:49:SELECT `uid`, `password` FROM `user` WHERE `email`=:email LIMIT 1
Parameters:{"email":0}
Return(T/F):1
returnType:2
Returned Data:[]
PDO Error Info:["00000",null,null]

2017-09-18 01:09:49:SELECT `uid`, `password` FROM `user` WHERE `email`=:email LIMIT 1
Parameters:{"email":0}
Return(T/F):1
returnType:2
Returned Data:[]
PDO Error Info:["00000",null,null]

2017-09-18 01:09:49:SELECT `uid`, `password` FROM `user` WHERE `email`=:email LIMIT 1
Parameters:{"email":0}
Return(T/F):1
returnType:2
Returned Data:[]
PDO Error Info:["00000",null,null]

2017-09-18 01:09:51:SELECT `uid`, `password` FROM `user` WHERE `email`=:email LIMIT 1
Parameters:{"email":0}
Return(T/F):1
returnType:2
Returned Data:[]
PDO Error Info:["00000",null,null]

2017-09-18 01:09:51:SELECT `uid`, `password` FROM `user` WHERE `email`=:email LIMIT 1
Parameters:{"email":0}
Return(T/F):1
returnType:2
Returned Data:[]
PDO Error Info:["00000",null,null]

2017-09-18 01:09:51:SELECT `uid`, `password` FROM `user` WHERE `email`=:email LIMIT 1
Parameters:{"email":0}
Return(T/F):1
returnType:2
Returned Data:[]
PDO Error Info:["00000",null,null]

2017-09-18 01:09:59:SELECT `uid`, `password` FROM `user` WHERE `email`=:email LIMIT 1
Parameters:{"email":0}
Return(T/F):1
returnType:2
Returned Data:[]
PDO Error Info:["00000",null,null]

2017-09-18 01:09:00:SELECT `uid`, `password` FROM `user` WHERE `email`=:email LIMIT 1
Parameters:{"email":0}
Return(T/F):1
returnType:2
Returned Data:[]
PDO Error Info:["00000",null,null]

2017-09-18 01:09:31:SELECT `uid`, `password` FROM `user` WHERE `email`=:email LIMIT 1
Parameters:{"email":0}
Return(T/F):1
returnType:2
Returned Data:[]
PDO Error Info:["00000",null,null]

2017-09-18 01:09:33:SELECT `uid`, `password` FROM `user` WHERE `email`=:email LIMIT 1
Parameters:{"email":0}
Return(T/F):1
returnType:2
Returned Data:[]
PDO Error Info:["00000",null,null]

2017-09-18 01:09:36:SELECT `uid`, `password` FROM `user` WHERE `email`=:email LIMIT 1
Parameters:{"email":0}
Return(T/F):1
returnType:2
Returned Data:[]
PDO Error Info:["00000",null,null]

2017-09-18 01:09:39:SELECT `uid`, `password` FROM `user` WHERE `email`=:email LIMIT 1
Parameters:{"email":0}
Return(T/F):1
returnType:2
Returned Data:[]
PDO Error Info:["00000",null,null]

2017-09-18 01:09:27:SELECT `uid`, `password` FROM `user` WHERE `email`=:email LIMIT 1
Parameters:{"email":0}
Return(T/F):1
returnType:2
Returned Data:[]
PDO Error Info:["00000",null,null]

2017-09-18 01:09:31:SELECT `uid`, `password` FROM `user` WHERE `email`=:email LIMIT 1
Parameters:{"email":0}
Return(T/F):1
returnType:2
Returned Data:[]
PDO Error Info:["00000",null,null]

2017-09-18 01:09:33:SELECT `uid`, `password` FROM `user` WHERE `email`=:email LIMIT 1
Parameters:{"email":0}
Return(T/F):1
returnType:2
Returned Data:[]
PDO Error Info:["00000",null,null]

2017-09-18 01:09:03:SELECT `uid`, `password` FROM `user` WHERE `email`=:email LIMIT 1
Parameters:{"email":0}
Return(T/F):1
returnType:2
Returned Data:[]
PDO Error Info:["00000",null,null]

2017-09-18 01:09:08:SELECT `uid`, `password` FROM `user` WHERE `email`=:email LIMIT 1
Parameters:{"email":0}
Return(T/F):1
returnType:2
Returned Data:[]
PDO Error Info:["00000",null,null]

2017-09-18 01:09:09:SELECT `uid`, `password` FROM `user` WHERE `email`=:email LIMIT 1
Parameters:{"email":0}
Return(T/F):1
returnType:2
Returned Data:[]
PDO Error Info:["00000",null,null]

2017-09-18 01:09:10:SELECT `uid`, `password` FROM `user` WHERE `email`=:email LIMIT 1
Parameters:{"email":0}
Return(T/F):1
returnType:2
Returned Data:[]
PDO Error Info:["00000",null,null]

2017-09-18 01:09:12:SELECT `uid`, `password` FROM `user` WHERE `email`=:email LIMIT 1
Parameters:{"email":0}
Return(T/F):1
returnType:2
Returned Data:[]
PDO Error Info:["00000",null,null]

2017-09-18 01:09:12:SELECT `uid`, `password` FROM `user` WHERE `email`=:email LIMIT 1
Parameters:{"email":0}
Return(T/F):1
returnType:2
Returned Data:[]
PDO Error Info:["00000",null,null]

2017-09-18 01:09:49:SELECT `uid`, `password` FROM `user` WHERE `email`=:email LIMIT 1
Parameters:{"email":0}
Return(T/F):1
returnType:2
Returned Data:[]
PDO Error Info:["00000",null,null]

2017-09-18 01:09:50:SELECT `uid`, `password` FROM `user` WHERE `email`=:email LIMIT 1
Parameters:{"email":0}
Return(T/F):1
returnType:2
Returned Data:[]
PDO Error Info:["00000",null,null]

2017-09-18 01:09:50:SELECT `uid`, `password` FROM `user` WHERE `email`=:email LIMIT 1
Parameters:{"email":0}
Return(T/F):1
returnType:2
Returned Data:[]
PDO Error Info:["00000",null,null]

2017-09-18 01:09:57:SELECT `uid`, `password` FROM `user` WHERE `email`=:email LIMIT 1
Parameters:{"email":0}
Return(T/F):1
returnType:2
Returned Data:[]
PDO Error Info:["00000",null,null]

2017-09-18 01:09:58:SELECT `uid`, `password` FROM `user` WHERE `email`=:email LIMIT 1
Parameters:{"email":0}
Return(T/F):1
returnType:2
Returned Data:[]
PDO Error Info:["00000",null,null]

2017-09-18 01:09:58:SELECT `uid`, `password` FROM `user` WHERE `email`=:email LIMIT 1
Parameters:{"email":0}
Return(T/F):1
returnType:2
Returned Data:[]
PDO Error Info:["00000",null,null]

2017-09-18 01:09:36:SELECT `uid`, `password` FROM `user` WHERE `email`=:email LIMIT 1
Parameters:{"email":0}
Return(T/F):1
returnType:2
Returned Data:[]
PDO Error Info:["00000",null,null]

2017-09-18 01:09:58:SELECT `uid`, `password` FROM `user` WHERE `email`=:email LIMIT 1
Parameters:{"email":0}
Return(T/F):1
returnType:2
Returned Data:[]
PDO Error Info:["00000",null,null]

2017-09-18 01:09:02:SELECT `uid`, `password` FROM `user` WHERE `email`=:email LIMIT 1
Parameters:{"email":0}
Return(T/F):1
returnType:2
Returned Data:[]
PDO Error Info:["00000",null,null]

2017-09-18 01:09:04:SELECT `uid`, `password` FROM `user` WHERE `email`=:email LIMIT 1
Parameters:{"email":0}
Return(T/F):1
returnType:2
Returned Data:[]
PDO Error Info:["00000",null,null]

2017-09-18 01:09:27:SELECT `uid`, `password` FROM `user` WHERE `email`=:email LIMIT 1
Parameters:{"email":0}
Return(T/F):1
returnType:2
Returned Data:[]
PDO Error Info:["00000",null,null]

